
/home/runner/work/exp-specification-sheets-coep/exp-specification-sheets-coep/experiment/simulation/js/SinglePhase.js
   1:10  warning  'SinglePhase' is defined but never used  no-unused-vars
  11:2   warning  '$' is not defined                       no-undef

/home/runner/work/exp-specification-sheets-coep/exp-specification-sheets-coep/experiment/simulation/js/Transmiter.js
    1:10  warning  'transmitter' is defined but never used  no-unused-vars
  354:1   warning  '$' is not defined                       no-undef
  355:1   warning  '$' is not defined                       no-undef
  356:2   warning  'SinglePhase' is not defined             no-undef
  359:2   warning  '$' is not defined                       no-undef
  362:5   warning  'html2canvas' is not defined             no-undef
  364:23  warning  'jspdf' is not defined                   no-undef
  389:5   warning  '$' is not defined                       no-undef

/home/runner/work/exp-specification-sheets-coep/exp-specification-sheets-coep/experiment/simulation/js/correctPressure.js
    1:10  warning  'correctPressure' is defined but never used  no-unused-vars
  230:3   warning  '$' is not defined                           no-undef

/home/runner/work/exp-specification-sheets-coep/exp-specification-sheets-coep/experiment/simulation/js/specification1.js
   14:6   warning  Duplicate key 'mounting'                       no-dupe-keys
   17:10  warning  'functionCall' is defined but never used       no-unused-vars
  361:1   warning  '$' is not defined                             no-undef
  362:1   warning  '$' is not defined                             no-undef
  363:2   warning  'transmitter' is not defined                   no-undef
  368:9   warning  '$' is not defined                             no-undef
  372:23  warning  '$' is not defined                             no-undef
  373:21  warning  '$' is not defined                             no-undef
  374:11  warning  'mounting' is assigned a value but never used  no-unused-vars
  374:22  warning  '$' is not defined                             no-undef
  375:22  warning  '$' is not defined                             no-undef
  376:23  warning  '$' is not defined                             no-undef
  377:18  warning  '$' is not defined                             no-undef
  378:29  warning  '$' is not defined                             no-undef
  379:21  warning  '$' is not defined                             no-undef
  380:24  warning  '$' is not defined                             no-undef
  388:4   warning  Mixed spaces and tabs                          no-mixed-spaces-and-tabs
  388:7   warning  '$' is not defined                             no-undef
  393:4   warning  Mixed spaces and tabs                          no-mixed-spaces-and-tabs
  393:7   warning  '$' is not defined                             no-undef
  403:9   warning  'bodyMaterial' is not defined                  no-undef
  404:9   warning  'wettedProcessConnection' is not defined       no-undef
  406:4   warning  Mixed spaces and tabs                          no-mixed-spaces-and-tabs
  406:7   warning  '$' is not defined                             no-undef
  410:9   warning  'correctPressure' is not defined               no-undef
  415:1   warning  '$' is not defined                             no-undef
  419:3   warning  '$' is not defined                             no-undef
  420:9   warning  '$' is not defined                             no-undef
  422:7   warning  '$' is not defined                             no-undef
  424:7   warning  '$' is not defined                             no-undef
  432:5   warning  '$' is not defined                             no-undef
  443:7   warning  '$' is not defined                             no-undef
  444:7   warning  '$' is not defined                             no-undef
  449:5   warning  '$' is not defined                             no-undef
  470:2   warning  '$' is not defined                             no-undef
  473:5   warning  'html2canvas' is not defined                   no-undef
  475:23  warning  'jspdf' is not defined                         no-undef
  500:2   warning  '$' is not defined                             no-undef
  520:5   warning  'mounting' is already defined                  no-redeclare

✖ 51 problems (0 errors, 51 warnings)

